{
  "count": 1,
  "results": [
    {
      "uuid": "cloud-de22a6dc-3f4f-49e2-b453-9748e3eedec0",
      "vtype": "CLOUD_NONE",
      "license_tier": "ENTERPRISE_18",
      "_last_modified": "1591178326282938",
      "enable_vip_static_routes": false,
      "url": "https://192.168.36.137/api/cloud/cloud-de22a6dc-3f4f-49e2-b453-9748e3eedec0",
      "ip6_autocfg_enabled": false,
      "tenant_ref": "https://192.168.36.137/api/tenant/admin",
      "dns_resolution_on_se": false,
      "dhcp_enabled": false,
      "prefer_static_routes": false,
      "autoscale_polling_interval": 60,
      "license_type": "LIC_CORES",
      "mtu": 1500,
      "apic_mode": false,
      "state_based_dns_registration": true,
      "name": "Default-Cloud"
    }
  ]
}
